<?xml version="1.0" encoding="UTF-8"?>
<testng-results skipped="0" failed="0" ignored="0" total="1" passed="1">
  <reporter-output>
  </reporter-output>
  <suite name="Test Automation Suite" duration-ms="75797" started-at="2021-09-17T14:15:50 IST" finished-at="2021-09-17T14:17:06 IST">
    <groups>
    </groups>
    <test name="Test" duration-ms="75797" started-at="2021-09-17T14:15:50 IST" finished-at="2021-09-17T14:17:06 IST">
      <class name="com.qa.testscripts.OrderProduct">
        <test-method status="PASS" signature="setup()[pri:0, instance:com.qa.testscripts.OrderProduct@1d29cf23]" name="setup" is-config="true" duration-ms="18641" started-at="2021-09-17T14:15:50 IST" finished-at="2021-09-17T14:16:09 IST">
          <reporter-output>
          </reporter-output>
        </test-method> <!-- setup -->
        <test-method status="PASS" signature="buy()[pri:0, instance:com.qa.testscripts.OrderProduct@1d29cf23]" name="buy" duration-ms="54944" started-at="2021-09-17T14:16:09 IST" finished-at="2021-09-17T14:17:04 IST">
          <reporter-output>
          </reporter-output>
        </test-method> <!-- buy -->
        <test-method status="PASS" signature="tearDown()[pri:0, instance:com.qa.testscripts.OrderProduct@1d29cf23]" name="tearDown" is-config="true" duration-ms="92" started-at="2021-09-17T14:17:05 IST" finished-at="2021-09-17T14:17:06 IST">
          <reporter-output>
          </reporter-output>
        </test-method> <!-- tearDown -->
      </class> <!-- com.qa.testscripts.OrderProduct -->
    </test> <!-- Test -->
  </suite> <!-- Test Automation Suite -->
</testng-results>
