<?xml version="1.0" encoding="UTF-8"?>
<testng-results skipped="0" failed="0" ignored="0" total="1" passed="1">
  <reporter-output>
  </reporter-output>
  <suite name="Default suite" duration-ms="30598" started-at="2021-09-17T17:10:30 IST" finished-at="2021-09-17T17:11:01 IST">
    <groups>
    </groups>
    <test name="Default test" duration-ms="30598" started-at="2021-09-17T17:10:30 IST" finished-at="2021-09-17T17:11:01 IST">
      <class name="com.qa.testscripts.Support">
        <test-method status="PASS" signature="setup()[pri:0, instance:com.qa.testscripts.Support@27a5f880]" name="setup" is-config="true" duration-ms="14781" started-at="2021-09-17T17:10:30 IST" finished-at="2021-09-17T17:10:45 IST">
          <reporter-output>
          </reporter-output>
        </test-method> <!-- setup -->
        <test-method status="PASS" signature="supportTest()[pri:0, instance:com.qa.testscripts.Support@27a5f880]" name="supportTest" duration-ms="15636" started-at="2021-09-17T17:10:45 IST" finished-at="2021-09-17T17:11:01 IST">
          <reporter-output>
          </reporter-output>
        </test-method> <!-- supportTest -->
        <test-method status="PASS" signature="tearDown()[pri:0, instance:com.qa.testscripts.Support@27a5f880]" name="tearDown" is-config="true" duration-ms="131" started-at="2021-09-17T17:11:01 IST" finished-at="2021-09-17T17:11:01 IST">
          <reporter-output>
          </reporter-output>
        </test-method> <!-- tearDown -->
      </class> <!-- com.qa.testscripts.Support -->
    </test> <!-- Default test -->
  </suite> <!-- Default suite -->
</testng-results>
